SF:E:\Projects\FIAP\TC4_CA_AudioGeraImagem_FIAP\AudioGeraImagemWorker\AudioGeraImagemWorker.Domain\Messages\CriacaoMessage.cs
FN:4,System.Guid AudioGeraImagem.Domain.Messages.CriacaoMessage::get_CriacaoId()
FNDA:3,System.Guid AudioGeraImagem.Domain.Messages.CriacaoMessage::get_CriacaoId()
DA:5,3
FN:5,System.Byte[] AudioGeraImagem.Domain.Messages.CriacaoMessage::get_Payload()
FNDA:3,System.Byte[] AudioGeraImagem.Domain.Messages.CriacaoMessage::get_Payload()
DA:6,3
LF:2
LH:2
BRF:0
BRH:0
FNF:2
FNH:2
end_of_record
SF:E:\Projects\FIAP\TC4_CA_AudioGeraImagem_FIAP\AudioGeraImagemWorker\AudioGeraImagemWorker.Domain\Messages\RetentativaCriacaoMessage.cs
FN:14,System.Guid AudioGeraImagem.Domain.Messages.RetentativaCriacaoMessage::get_CriacaoId()
FNDA:8,System.Guid AudioGeraImagem.Domain.Messages.RetentativaCriacaoMessage::get_CriacaoId()
DA:15,8
FN:16,AudioGeraImagemWorker.Domain.Enums.EstadoProcessamento AudioGeraImagem.Domain.Messages.RetentativaCriacaoMessage::get_UltimoEstado()
FNDA:7,AudioGeraImagemWorker.Domain.Enums.EstadoProcessamento AudioGeraImagem.Domain.Messages.RetentativaCriacaoMessage::get_UltimoEstado()
DA:17,7
FN:17,System.Byte[] AudioGeraImagem.Domain.Messages.RetentativaCriacaoMessage::get_Payload()
FNDA:8,System.Byte[] AudioGeraImagem.Domain.Messages.RetentativaCriacaoMessage::get_Payload()
DA:18,8
FN:7,System.Void AudioGeraImagem.Domain.Messages.RetentativaCriacaoMessage::.ctor(System.Guid,AudioGeraImagemWorker.Domain.Enums.EstadoProcessamento,System.Byte[])
FNDA:3,System.Void AudioGeraImagem.Domain.Messages.RetentativaCriacaoMessage::.ctor(System.Guid,AudioGeraImagemWorker.Domain.Enums.EstadoProcessamento,System.Byte[])
DA:8,3
DA:9,3
DA:10,3
DA:11,3
DA:12,3
DA:13,3
LF:9
LH:9
BRF:0
BRH:0
FNF:4
FNH:4
end_of_record
SF:E:\Projects\FIAP\TC4_CA_AudioGeraImagem_FIAP\AudioGeraImagemWorker\AudioGeraImagemWorker.Domain\Entities\Criacao.cs
FN:7,System.String AudioGeraImagem.Domain.Entities.Criacao::get_Descricao()
FNDA:62,System.String AudioGeraImagem.Domain.Entities.Criacao::get_Descricao()
DA:8,62
FN:8,System.String AudioGeraImagem.Domain.Entities.Criacao::get_UrlAudio()
FNDA:84,System.String AudioGeraImagem.Domain.Entities.Criacao::get_UrlAudio()
DA:9,84
FN:9,System.String AudioGeraImagem.Domain.Entities.Criacao::get_Transcricao()
FNDA:77,System.String AudioGeraImagem.Domain.Entities.Criacao::get_Transcricao()
DA:10,77
FN:10,System.String AudioGeraImagem.Domain.Entities.Criacao::get_UrlImagem()
FNDA:79,System.String AudioGeraImagem.Domain.Entities.Criacao::get_UrlImagem()
DA:11,79
FN:11,System.DateTime AudioGeraImagem.Domain.Entities.Criacao::get_InstanteCriacao()
FNDA:59,System.DateTime AudioGeraImagem.Domain.Entities.Criacao::get_InstanteCriacao()
DA:12,59
FN:12,System.DateTime AudioGeraImagem.Domain.Entities.Criacao::get_InstanteAtualizacao()
FNDA:86,System.DateTime AudioGeraImagem.Domain.Entities.Criacao::get_InstanteAtualizacao()
DA:13,86
FN:13,System.Collections.Generic.List`1<AudioGeraImagemWorker.Domain.Entities.ProcessamentoCriacao> AudioGeraImagem.Domain.Entities.Criacao::get_ProcessamentosCriacao()
FNDA:223,System.Collections.Generic.List`1<AudioGeraImagemWorker.Domain.Entities.ProcessamentoCriacao> AudioGeraImagem.Domain.Entities.Criacao::get_ProcessamentosCriacao()
DA:14,223
FN:15,System.Void AudioGeraImagem.Domain.Entities.Criacao::.ctor()
FNDA:171,System.Void AudioGeraImagem.Domain.Entities.Criacao::.ctor()
DA:16,171
LF:8
LH:8
BRF:0
BRH:0
FNF:8
FNH:8
end_of_record
SF:E:\Projects\FIAP\TC4_CA_AudioGeraImagem_FIAP\AudioGeraImagemWorker\AudioGeraImagemWorker.Domain\Utility\HttpHelper.cs
FN:28,AudioGeraImagemWorker.Domain.Utility.CodeHttp AudioGeraImagemWorker.Domain.Utility.Response::get_Code()
FNDA:28,AudioGeraImagemWorker.Domain.Utility.CodeHttp AudioGeraImagemWorker.Domain.Utility.Response::get_Code()
DA:29,28
FN:29,System.String AudioGeraImagemWorker.Domain.Utility.Response::get_Received()
FNDA:28,System.String AudioGeraImagemWorker.Domain.Utility.Response::get_Received()
DA:30,28
FN:34,System.Void AudioGeraImagemWorker.Domain.Utility.HttpHelper::.ctor(Microsoft.Extensions.Logging.ILogger`1<AudioGeraImagemWorker.Domain.Utility.HttpHelper>,System.Net.Http.IHttpClientFactory,Polly.IAsyncPolicy)
FNDA:12,System.Void AudioGeraImagemWorker.Domain.Utility.HttpHelper::.ctor(Microsoft.Extensions.Logging.ILogger`1<AudioGeraImagemWorker.Domain.Utility.HttpHelper>,System.Net.Http.IHttpClientFactory,Polly.IAsyncPolicy)
DA:35,12
DA:40,12
DA:41,12
DA:42,12
DA:43,12
DA:44,12
DA:45,12
DA:46,12
DA:47,12
FN:51,System.Void AudioGeraImagemWorker.Domain.Utility.HttpHelper/<>c__DisplayClass5_0/<<GetBytes>b__0>d::MoveNext()
FNDA:2,System.Void AudioGeraImagemWorker.Domain.Utility.HttpHelper/<>c__DisplayClass5_0/<<GetBytes>b__0>d::MoveNext()
DA:52,2
DA:53,2
DA:54,4
FN:72,System.Void AudioGeraImagemWorker.Domain.Utility.HttpHelper/<>c__DisplayClass6_0`1/<<Send>b__0>d::MoveNext()
FNDA:12,System.Void AudioGeraImagemWorker.Domain.Utility.HttpHelper/<>c__DisplayClass6_0`1/<<Send>b__0>d::MoveNext()
DA:73,12
DA:74,12
DA:75,19
FN:97,System.Void AudioGeraImagemWorker.Domain.Utility.HttpHelper/<ExternalIntegration>d__7`1::MoveNext()
FNDA:14,System.Void AudioGeraImagemWorker.Domain.Utility.HttpHelper/<ExternalIntegration>d__7`1::MoveNext()
DA:98,14
DA:99,14
DA:100,14
DA:101,14
DA:102,14
DA:104,14
DA:105,7
DA:106,35
DA:107,7
DA:108,7
DA:109,7
DA:110,7
DA:112,14
DA:115,7
DA:116,4
DA:119,2
DA:120,1
DA:122,1
DA:123,1
DA:124,1
DA:125,1
DA:126,1
DA:127,1
DA:128,2
DA:131,3
DA:132,3
DA:133,3
DA:134,3
DA:135,3
DA:138,2
DA:139,2
DA:142,11
DA:144,11
BRDA:104,122,0,7
BRDA:106,229,1,7
BRDA:106,229,0,7
BRDA:104,122,1,14
BRDA:112,293,1,7
BRDA:112,293,2,2
BRDA:119,494,0,1
BRDA:119,494,1,1
BRDA:112,293,3,3
BRDA:112,293,4,2
BRDA:112,293,0,11
FN:49,System.Void AudioGeraImagemWorker.Domain.Utility.HttpHelper/<GetBytes>d__5::MoveNext()
FNDA:2,System.Void AudioGeraImagemWorker.Domain.Utility.HttpHelper/<GetBytes>d__5::MoveNext()
DA:50,2
DA:51,2
DA:56,2
DA:57,1
DA:58,1
DA:59,1
DA:62,1
DA:63,1
BRDA:50,16,0,2
BRDA:50,16,1,2
BRDA:56,261,0,1
BRDA:56,261,1,1
FN:146,System.Void AudioGeraImagemWorker.Domain.Utility.HttpHelper/<ProcessAndAnalyzeResponse>d__8::MoveNext()
FNDA:9,System.Void AudioGeraImagemWorker.Domain.Utility.HttpHelper/<ProcessAndAnalyzeResponse>d__8::MoveNext()
DA:147,9
DA:148,9
DA:149,9
DA:151,9
DA:158,5
DA:159,5
DA:160,5
DA:163,1
DA:164,1
DA:165,1
DA:168,1
DA:169,1
DA:170,1
DA:173,2
DA:174,2
DA:175,2
DA:177,9
BRDA:151,192,0,5
BRDA:151,203,0,2
BRDA:151,192,1,4
BRDA:151,230,0,3
BRDA:151,203,1,5
BRDA:151,216,1,5
BRDA:151,230,1,1
BRDA:151,241,1,1
BRDA:151,216,0,2
BRDA:151,241,0,2
FN:68,System.Void AudioGeraImagemWorker.Domain.Utility.HttpHelper/<Send>d__6`1::MoveNext()
FNDA:10,System.Void AudioGeraImagemWorker.Domain.Utility.HttpHelper/<Send>d__6`1::MoveNext()
DA:69,10
DA:71,10
DA:72,10
DA:77,9
DA:79,9
DA:81,1
DA:82,1
DA:83,1
DA:85,1
DA:86,1
DA:87,1
DA:88,1
DA:89,1
DA:91,1
DA:93,10
LF:90
LH:90
BRF:25
BRH:25
FNF:9
FNH:9
end_of_record
SF:E:\Projects\FIAP\TC4_CA_AudioGeraImagem_FIAP\AudioGeraImagemWorker\AudioGeraImagemWorker.Domain\Services\ProcessamentoHandler\GerarImagemHandler.cs
FN:37,System.Boolean AudioGeraImagemWorker.Domain.Services.ProcessamentoHandler.GerarImagemHandler::PodeExecutar(AudioGeraImagemWorker.Domain.Entities.ProcessamentoCriacao)
FNDA:9,System.Boolean AudioGeraImagemWorker.Domain.Services.ProcessamentoHandler.GerarImagemHandler::PodeExecutar(AudioGeraImagemWorker.Domain.Entities.ProcessamentoCriacao)
DA:38,9
DA:39,9
DA:40,9
FN:11,System.Void AudioGeraImagemWorker.Domain.Services.ProcessamentoHandler.GerarImagemHandler::.ctor(Microsoft.Extensions.Logging.ILogger`1<AudioGeraImagemWorker.Domain.Services.ProcessamentoHandler.GerarImagemHandler>,AudioGeraImagemWorker.Domain.Interfaces.Vendor.IOpenAIVendor,AudioGeraImagemWorker.Domain.Interfaces.Repositories.ICriacaoRepository)
FNDA:13,System.Void AudioGeraImagemWorker.Domain.Services.ProcessamentoHandler.GerarImagemHandler::.ctor(Microsoft.Extensions.Logging.ILogger`1<AudioGeraImagemWorker.Domain.Services.ProcessamentoHandler.GerarImagemHandler>,AudioGeraImagemWorker.Domain.Interfaces.Vendor.IOpenAIVendor,AudioGeraImagemWorker.Domain.Interfaces.Repositories.ICriacaoRepository)
DA:12,13
DA:16,13
DA:17,13
DA:18,13
DA:19,13
DA:20,13
FN:22,System.Void AudioGeraImagemWorker.Domain.Services.ProcessamentoHandler.GerarImagemHandler/<Executar>d__4::MoveNext()
FNDA:7,System.Void AudioGeraImagemWorker.Domain.Services.ProcessamentoHandler.GerarImagemHandler/<Executar>d__4::MoveNext()
DA:23,7
DA:25,7
DA:26,7
DA:28,7
DA:29,5
DA:30,2
DA:31,2
DA:32,2
DA:33,2
DA:35,5
LF:19
LH:19
BRF:0
BRH:0
FNF:3
FNH:3
end_of_record
SF:E:\Projects\FIAP\TC4_CA_AudioGeraImagem_FIAP\AudioGeraImagemWorker\AudioGeraImagemWorker.Domain\Services\ProcessamentoHandler\GerarTextoHandler.cs
FN:41,System.Boolean AudioGeraImagemWorker.Domain.Services.ProcessamentoHandler.GerarTextoHandler::PodeExecutar(AudioGeraImagemWorker.Domain.Entities.ProcessamentoCriacao)
FNDA:12,System.Boolean AudioGeraImagemWorker.Domain.Services.ProcessamentoHandler.GerarTextoHandler::PodeExecutar(AudioGeraImagemWorker.Domain.Entities.ProcessamentoCriacao)
DA:42,12
DA:43,12
DA:44,12
FN:12,System.Void AudioGeraImagemWorker.Domain.Services.ProcessamentoHandler.GerarTextoHandler::.ctor(Microsoft.Extensions.Logging.ILogger`1<AudioGeraImagemWorker.Domain.Services.ProcessamentoHandler.GerarTextoHandler>,AudioGeraImagemWorker.Domain.Interfaces.Vendor.IOpenAIVendor,AudioGeraImagemWorker.Domain.Interfaces.Utility.IHttpHelper,AudioGeraImagemWorker.Domain.Interfaces.Repositories.ICriacaoRepository)
FNDA:14,System.Void AudioGeraImagemWorker.Domain.Services.ProcessamentoHandler.GerarTextoHandler::.ctor(Microsoft.Extensions.Logging.ILogger`1<AudioGeraImagemWorker.Domain.Services.ProcessamentoHandler.GerarTextoHandler>,AudioGeraImagemWorker.Domain.Interfaces.Vendor.IOpenAIVendor,AudioGeraImagemWorker.Domain.Interfaces.Utility.IHttpHelper,AudioGeraImagemWorker.Domain.Interfaces.Repositories.ICriacaoRepository)
DA:13,14
DA:18,14
DA:19,14
DA:20,14
DA:21,14
DA:22,14
DA:23,14
FN:25,System.Void AudioGeraImagemWorker.Domain.Services.ProcessamentoHandler.GerarTextoHandler/<Executar>d__5::MoveNext()
FNDA:11,System.Void AudioGeraImagemWorker.Domain.Services.ProcessamentoHandler.GerarTextoHandler/<Executar>d__5::MoveNext()
DA:26,11
DA:28,11
DA:29,11
DA:31,11
DA:32,9
DA:33,7
DA:34,4
DA:35,4
DA:36,4
DA:37,4
DA:39,7
LF:21
LH:21
BRF:0
BRH:0
FNF:3
FNH:3
end_of_record
SF:E:\Projects\FIAP\TC4_CA_AudioGeraImagem_FIAP\AudioGeraImagemWorker\AudioGeraImagemWorker.Domain\Services\ProcessamentoHandler\ProcessamentoHandlerBase.cs
FN:20,AudioGeraImagemWorker.Domain.Interfaces.Services.IProcessamentoHandler AudioGeraImagemWorker.Domain.Services.ProcessamentoHandler.ProcessamentoHandlerBase::ProximaEtapa(AudioGeraImagemWorker.Domain.Interfaces.Services.IProcessamentoHandler)
FNDA:31,AudioGeraImagemWorker.Domain.Interfaces.Services.IProcessamentoHandler AudioGeraImagemWorker.Domain.Services.ProcessamentoHandler.ProcessamentoHandlerBase::ProximaEtapa(AudioGeraImagemWorker.Domain.Interfaces.Services.IProcessamentoHandler)
DA:21,31
DA:22,31
DA:24,31
DA:25,31
FN:41,System.Boolean AudioGeraImagemWorker.Domain.Services.ProcessamentoHandler.ProcessamentoHandlerBase::VerificarPodeExecutar(AudioGeraImagemWorker.Domain.DTOs.Comando)
FNDA:41,System.Boolean AudioGeraImagemWorker.Domain.Services.ProcessamentoHandler.ProcessamentoHandlerBase::VerificarPodeExecutar(AudioGeraImagemWorker.Domain.DTOs.Comando)
DA:42,41
DA:43,41
DA:45,41
DA:46,41
FN:14,System.Void AudioGeraImagemWorker.Domain.Services.ProcessamentoHandler.ProcessamentoHandlerBase::.ctor(AudioGeraImagemWorker.Domain.Interfaces.Repositories.ICriacaoRepository)
FNDA:53,System.Void AudioGeraImagemWorker.Domain.Services.ProcessamentoHandler.ProcessamentoHandlerBase::.ctor(AudioGeraImagemWorker.Domain.Interfaces.Repositories.ICriacaoRepository)
DA:15,53
DA:16,53
DA:17,53
DA:18,53
FN:76,System.Void AudioGeraImagemWorker.Domain.Services.ProcessamentoHandler.ProcessamentoHandlerBase/<AtualizarCriacao>d__7::MoveNext()
FNDA:24,System.Void AudioGeraImagemWorker.Domain.Services.ProcessamentoHandler.ProcessamentoHandlerBase/<AtualizarCriacao>d__7::MoveNext()
DA:77,24
DA:78,24
DA:79,24
DA:80,24
DA:82,24
DA:83,24
FN:48,System.Void AudioGeraImagemWorker.Domain.Services.ProcessamentoHandler.ProcessamentoHandlerBase/<AtualizarProcessamentoCriacao>d__6::MoveNext()
FNDA:24,System.Void AudioGeraImagemWorker.Domain.Services.ProcessamentoHandler.ProcessamentoHandlerBase/<AtualizarProcessamentoCriacao>d__6::MoveNext()
DA:49,24
DA:50,24
DA:52,24
DA:54,24
DA:57,9
DA:58,9
DA:61,7
DA:62,7
DA:65,5
DA:66,5
DA:69,3
DA:70,3
DA:73,24
DA:74,24
BRDA:54,76,1,9
BRDA:54,76,2,7
BRDA:54,76,3,5
BRDA:54,76,4,3
BRDA:54,76,0,24
FN:27,System.Void AudioGeraImagemWorker.Domain.Services.ProcessamentoHandler.ProcessamentoHandlerBase/<ExecutarEtapa>d__4::MoveNext()
FNDA:41,System.Void AudioGeraImagemWorker.Domain.Services.ProcessamentoHandler.ProcessamentoHandlerBase/<ExecutarEtapa>d__4::MoveNext()
DA:28,41
DA:29,41
DA:30,36
DA:31,36
DA:32,24
DA:33,24
DA:35,29
DA:36,19
DA:38,10
DA:39,19
BRDA:29,59,0,36
BRDA:29,59,1,29
BRDA:35,308,0,19
BRDA:35,308,1,10
LF:42
LH:42
BRF:9
BRH:9
FNF:6
FNH:6
end_of_record
SF:E:\Projects\FIAP\TC4_CA_AudioGeraImagem_FIAP\AudioGeraImagemWorker\AudioGeraImagemWorker.Domain\Services\ProcessamentoHandler\SalvarAudioHandler.cs
FN:37,System.Boolean AudioGeraImagemWorker.Domain.Services.ProcessamentoHandler.SalvarAudioHandler::PodeExecutar(AudioGeraImagemWorker.Domain.Entities.ProcessamentoCriacao)
FNDA:12,System.Boolean AudioGeraImagemWorker.Domain.Services.ProcessamentoHandler.SalvarAudioHandler::PodeExecutar(AudioGeraImagemWorker.Domain.Entities.ProcessamentoCriacao)
DA:38,12
DA:39,12
DA:40,12
FN:11,System.Void AudioGeraImagemWorker.Domain.Services.ProcessamentoHandler.SalvarAudioHandler::.ctor(Microsoft.Extensions.Logging.ILogger`1<AudioGeraImagemWorker.Domain.Services.ProcessamentoHandler.SalvarAudioHandler>,AudioGeraImagemWorker.Domain.Interfaces.Vendor.IBucketManager,AudioGeraImagemWorker.Domain.Interfaces.Repositories.ICriacaoRepository)
FNDA:13,System.Void AudioGeraImagemWorker.Domain.Services.ProcessamentoHandler.SalvarAudioHandler::.ctor(Microsoft.Extensions.Logging.ILogger`1<AudioGeraImagemWorker.Domain.Services.ProcessamentoHandler.SalvarAudioHandler>,AudioGeraImagemWorker.Domain.Interfaces.Vendor.IBucketManager,AudioGeraImagemWorker.Domain.Interfaces.Repositories.ICriacaoRepository)
DA:12,13
DA:16,13
DA:17,13
DA:18,13
DA:19,13
DA:20,13
FN:22,System.Void AudioGeraImagemWorker.Domain.Services.ProcessamentoHandler.SalvarAudioHandler/<Executar>d__4::MoveNext()
FNDA:11,System.Void AudioGeraImagemWorker.Domain.Services.ProcessamentoHandler.SalvarAudioHandler/<Executar>d__4::MoveNext()
DA:23,11
DA:25,11
DA:26,11
DA:28,11
DA:29,11
DA:30,9
DA:31,2
DA:32,2
DA:33,2
DA:34,2
DA:36,9
LF:20
LH:20
BRF:0
BRH:0
FNF:3
FNH:3
end_of_record
SF:E:\Projects\FIAP\TC4_CA_AudioGeraImagem_FIAP\AudioGeraImagemWorker\AudioGeraImagemWorker.Domain\Services\ProcessamentoHandler\SalvarImagemHandler.cs
FN:43,System.Boolean AudioGeraImagemWorker.Domain.Services.ProcessamentoHandler.SalvarImagemHandler::PodeExecutar(AudioGeraImagemWorker.Domain.Entities.ProcessamentoCriacao)
FNDA:8,System.Boolean AudioGeraImagemWorker.Domain.Services.ProcessamentoHandler.SalvarImagemHandler::PodeExecutar(AudioGeraImagemWorker.Domain.Entities.ProcessamentoCriacao)
DA:44,8
DA:45,8
DA:46,8
FN:12,System.Void AudioGeraImagemWorker.Domain.Services.ProcessamentoHandler.SalvarImagemHandler::.ctor(Microsoft.Extensions.Logging.ILogger`1<AudioGeraImagemWorker.Domain.Services.ProcessamentoHandler.SalvarImagemHandler>,AudioGeraImagemWorker.Domain.Interfaces.Vendor.IBucketManager,AudioGeraImagemWorker.Domain.Interfaces.Utility.IHttpHelper,AudioGeraImagemWorker.Domain.Interfaces.Repositories.ICriacaoRepository)
FNDA:13,System.Void AudioGeraImagemWorker.Domain.Services.ProcessamentoHandler.SalvarImagemHandler::.ctor(Microsoft.Extensions.Logging.ILogger`1<AudioGeraImagemWorker.Domain.Services.ProcessamentoHandler.SalvarImagemHandler>,AudioGeraImagemWorker.Domain.Interfaces.Vendor.IBucketManager,AudioGeraImagemWorker.Domain.Interfaces.Utility.IHttpHelper,AudioGeraImagemWorker.Domain.Interfaces.Repositories.ICriacaoRepository)
DA:13,13
DA:18,13
DA:19,13
DA:20,13
DA:21,13
DA:22,13
DA:23,13
FN:25,System.Void AudioGeraImagemWorker.Domain.Services.ProcessamentoHandler.SalvarImagemHandler/<Executar>d__5::MoveNext()
FNDA:7,System.Void AudioGeraImagemWorker.Domain.Services.ProcessamentoHandler.SalvarImagemHandler/<Executar>d__5::MoveNext()
DA:26,7
DA:28,7
DA:29,7
DA:31,7
DA:32,5
DA:33,5
DA:34,3
DA:35,3
DA:36,4
DA:37,4
DA:38,4
DA:39,4
DA:41,3
LF:23
LH:23
BRF:0
BRH:0
FNF:3
FNH:3
end_of_record
SF:E:\Projects\FIAP\TC4_CA_AudioGeraImagem_FIAP\AudioGeraImagemWorker\AudioGeraImagemWorker.Domain\Entities\EntidadeBase.cs
FN:4,System.Guid AudioGeraImagemWorker.Domain.Entities.EntidadeBase::get_Id()
FNDA:96,System.Guid AudioGeraImagemWorker.Domain.Entities.EntidadeBase::get_Id()
DA:5,96
LF:1
LH:1
BRF:0
BRH:0
FNF:1
FNH:1
end_of_record
SF:E:\Projects\FIAP\TC4_CA_AudioGeraImagem_FIAP\AudioGeraImagemWorker\AudioGeraImagemWorker.Domain\Entities\ProcessamentoCriacao.cs
FN:7,System.Guid AudioGeraImagemWorker.Domain.Entities.ProcessamentoCriacao::get_Id()
FNDA:250,System.Guid AudioGeraImagemWorker.Domain.Entities.ProcessamentoCriacao::get_Id()
DA:8,250
FN:9,AudioGeraImagemWorker.Domain.Enums.EstadoProcessamento AudioGeraImagemWorker.Domain.Entities.ProcessamentoCriacao::get_Estado()
FNDA:413,AudioGeraImagemWorker.Domain.Enums.EstadoProcessamento AudioGeraImagemWorker.Domain.Entities.ProcessamentoCriacao::get_Estado()
DA:10,413
FN:10,System.DateTime AudioGeraImagemWorker.Domain.Entities.ProcessamentoCriacao::get_InstanteCriacao()
FNDA:310,System.DateTime AudioGeraImagemWorker.Domain.Entities.ProcessamentoCriacao::get_InstanteCriacao()
DA:11,310
FN:11,System.String AudioGeraImagemWorker.Domain.Entities.ProcessamentoCriacao::get_MensagemErro()
FNDA:260,System.String AudioGeraImagemWorker.Domain.Entities.ProcessamentoCriacao::get_MensagemErro()
DA:12,260
FN:13,System.Void AudioGeraImagemWorker.Domain.Entities.ProcessamentoCriacao::.ctor()
FNDA:759,System.Void AudioGeraImagemWorker.Domain.Entities.ProcessamentoCriacao::.ctor()
DA:14,759
FN:15,System.Void AudioGeraImagemWorker.Domain.Entities.ProcessamentoCriacao::.ctor(AudioGeraImagemWorker.Domain.Enums.EstadoProcessamento)
FNDA:30,System.Void AudioGeraImagemWorker.Domain.Entities.ProcessamentoCriacao::.ctor(AudioGeraImagemWorker.Domain.Enums.EstadoProcessamento)
DA:16,30
DA:17,30
DA:18,30
DA:19,30
DA:20,30
LF:10
LH:10
BRF:0
BRH:0
FNF:6
FNH:6
end_of_record
SF:E:\Projects\FIAP\TC4_CA_AudioGeraImagem_FIAP\AudioGeraImagemWorker\AudioGeraImagemWorker.Domain\DTOs\Comando.cs
FN:12,AudioGeraImagem.Domain.Entities.Criacao AudioGeraImagemWorker.Domain.DTOs.Comando::get_Criacao()
FNDA:197,AudioGeraImagem.Domain.Entities.Criacao AudioGeraImagemWorker.Domain.DTOs.Comando::get_Criacao()
DA:13,197
FN:13,System.Byte[] AudioGeraImagemWorker.Domain.DTOs.Comando::get_Payload()
FNDA:64,System.Byte[] AudioGeraImagemWorker.Domain.DTOs.Comando::get_Payload()
DA:14,64
FN:6,System.Void AudioGeraImagemWorker.Domain.DTOs.Comando::.ctor(AudioGeraImagem.Domain.Entities.Criacao,System.Byte[])
FNDA:33,System.Void AudioGeraImagemWorker.Domain.DTOs.Comando::.ctor(AudioGeraImagem.Domain.Entities.Criacao,System.Byte[])
DA:7,33
DA:8,33
DA:9,33
DA:10,33
DA:11,33
LF:7
LH:7
BRF:0
BRH:0
FNF:3
FNH:3
end_of_record
SF:E:\Projects\FIAP\TC4_CA_AudioGeraImagem_FIAP\AudioGeraImagemWorker\AudioGeraImagemWorker.Infra\ApplicationDbContext.cs
FN:14,Microsoft.EntityFrameworkCore.DbSet`1<AudioGeraImagem.Domain.Entities.Criacao> AudioGeraImagemWorker.Infra.ApplicationDbContext::get_Criacoes()
FNDA:16,Microsoft.EntityFrameworkCore.DbSet`1<AudioGeraImagem.Domain.Entities.Criacao> AudioGeraImagemWorker.Infra.ApplicationDbContext::get_Criacoes()
DA:15,16
FN:10,System.Void AudioGeraImagemWorker.Infra.ApplicationDbContext::.ctor(Microsoft.EntityFrameworkCore.DbContextOptions`1<AudioGeraImagemWorker.Infra.ApplicationDbContext>)
FNDA:6,System.Void AudioGeraImagemWorker.Infra.ApplicationDbContext::.ctor(Microsoft.EntityFrameworkCore.DbContextOptions`1<AudioGeraImagemWorker.Infra.ApplicationDbContext>)
DA:11,6
DA:12,6
DA:13,6
LF:4
LH:4
BRF:0
BRH:0
FNF:2
FNH:2
end_of_record
SF:E:\Projects\FIAP\TC4_CA_AudioGeraImagem_FIAP\AudioGeraImagemWorker\AudioGeraImagemWorker.Infra\Vendor\BucketManager.cs
FN:13,System.Void AudioGeraImagemWorker.Infra.Vendor.BucketManager::.ctor(Microsoft.Extensions.Azure.IAzureClientFactory`1<Azure.Storage.Blobs.BlobServiceClient>,AudioGeraImagemWorker.Infra.Vendor.Entities.AzureBlob.AzureBlobParameters)
FNDA:1,System.Void AudioGeraImagemWorker.Infra.Vendor.BucketManager::.ctor(Microsoft.Extensions.Azure.IAzureClientFactory`1<Azure.Storage.Blobs.BlobServiceClient>,AudioGeraImagemWorker.Infra.Vendor.Entities.AzureBlob.AzureBlobParameters)
DA:14,1
DA:15,1
DA:16,1
DA:17,1
DA:18,1
FN:28,System.Void AudioGeraImagemWorker.Infra.Vendor.BucketManager/<ArmazenarObjeto>d__4::MoveNext()
FNDA:1,System.Void AudioGeraImagemWorker.Infra.Vendor.BucketManager/<ArmazenarObjeto>d__4::MoveNext()
DA:29,1
DA:30,1
DA:31,1
DA:32,1
DA:33,1
FN:20,System.Void AudioGeraImagemWorker.Infra.Vendor.BucketManager/<GetBlobClient>d__3::MoveNext()
FNDA:1,System.Void AudioGeraImagemWorker.Infra.Vendor.BucketManager/<GetBlobClient>d__3::MoveNext()
DA:21,1
DA:22,1
DA:23,1
DA:24,1
DA:25,1
DA:26,1
LF:16
LH:16
BRF:0
BRH:0
FNF:3
FNH:3
end_of_record
SF:E:\Projects\FIAP\TC4_CA_AudioGeraImagem_FIAP\AudioGeraImagemWorker\AudioGeraImagemWorker.Infra\Vendor\OpenAIVendor.cs
FN:57,System.Exception AudioGeraImagemWorker.Infra.Vendor.OpenAIVendor::GerarException(AudioGeraImagemWorker.Infra.Vendor.Entities.OpenAI.Response.ErrorResponse)
FNDA:2,System.Exception AudioGeraImagemWorker.Infra.Vendor.OpenAIVendor::GerarException(AudioGeraImagemWorker.Infra.Vendor.Entities.OpenAI.Response.ErrorResponse)
DA:58,2
FN:59,System.Collections.Generic.Dictionary`2<System.String,System.String> AudioGeraImagemWorker.Infra.Vendor.OpenAIVendor::AddHeaders()
FNDA:4,System.Collections.Generic.Dictionary`2<System.String,System.String> AudioGeraImagemWorker.Infra.Vendor.OpenAIVendor::AddHeaders()
DA:60,4
FN:14,System.Void AudioGeraImagemWorker.Infra.Vendor.OpenAIVendor::.ctor(AudioGeraImagemWorker.Domain.Interfaces.Utility.IHttpHelper,AudioGeraImagemWorker.Infra.Vendor.Entities.OpenAI.OpenAIParameters)
FNDA:4,System.Void AudioGeraImagemWorker.Infra.Vendor.OpenAIVendor::.ctor(AudioGeraImagemWorker.Domain.Interfaces.Utility.IHttpHelper,AudioGeraImagemWorker.Infra.Vendor.Entities.OpenAI.OpenAIParameters)
DA:15,4
DA:16,4
DA:17,4
DA:18,4
DA:19,4
DA:20,4
FN:22,System.Void AudioGeraImagemWorker.Infra.Vendor.OpenAIVendor/<GerarImagem>d__3::MoveNext()
FNDA:2,System.Void AudioGeraImagemWorker.Infra.Vendor.OpenAIVendor/<GerarImagem>d__3::MoveNext()
DA:23,2
DA:24,2
DA:25,2
DA:26,2
DA:27,2
DA:28,2
DA:29,2
DA:30,2
DA:32,2
DA:34,2
DA:35,1
DA:37,1
DA:38,1
DA:39,1
BRDA:34,249,0,1
BRDA:34,249,1,1
FN:41,System.Void AudioGeraImagemWorker.Infra.Vendor.OpenAIVendor/<GerarTranscricao>d__4::MoveNext()
FNDA:2,System.Void AudioGeraImagemWorker.Infra.Vendor.OpenAIVendor/<GerarTranscricao>d__4::MoveNext()
DA:42,2
DA:43,2
DA:44,2
DA:45,2
DA:46,2
DA:47,2
DA:49,2
DA:51,2
DA:52,1
DA:54,1
DA:55,1
DA:56,1
BRDA:51,282,0,1
BRDA:51,282,1,1
LF:34
LH:34
BRF:4
BRH:4
FNF:5
FNH:5
end_of_record
SF:E:\Projects\FIAP\TC4_CA_AudioGeraImagem_FIAP\AudioGeraImagemWorker\AudioGeraImagemWorker.Infra\Vendor\Entities\OpenAI\OpenAIParameters.cs
FN:19,System.String AudioGeraImagemWorker.Infra.Vendor.Entities.OpenAI.OpenAIEndPointParameters::get_Url()
FNDA:12,System.String AudioGeraImagemWorker.Infra.Vendor.Entities.OpenAI.OpenAIEndPointParameters::get_Url()
DA:20,12
FN:20,System.String AudioGeraImagemWorker.Infra.Vendor.Entities.OpenAI.OpenAIEndPointParameters::get_Model()
FNDA:12,System.String AudioGeraImagemWorker.Infra.Vendor.Entities.OpenAI.OpenAIEndPointParameters::get_Model()
DA:21,12
LF:2
LH:2
BRF:0
BRH:0
FNF:2
FNH:2
end_of_record
SF:E:\Projects\FIAP\TC4_CA_AudioGeraImagem_FIAP\AudioGeraImagemWorker\AudioGeraImagemWorker.Infra\Vendor\Entities\OpenAI\Response\ErrorResponse.cs
FN:10,AudioGeraImagemWorker.Infra.Vendor.Entities.OpenAI.Response.Error AudioGeraImagemWorker.Infra.Vendor.Entities.OpenAI.Response.ErrorResponse::get_error()
FNDA:14,AudioGeraImagemWorker.Infra.Vendor.Entities.OpenAI.Response.Error AudioGeraImagemWorker.Infra.Vendor.Entities.OpenAI.Response.ErrorResponse::get_error()
DA:11,14
FN:15,System.String AudioGeraImagemWorker.Infra.Vendor.Entities.OpenAI.Response.Error::get_message()
FNDA:8,System.String AudioGeraImagemWorker.Infra.Vendor.Entities.OpenAI.Response.Error::get_message()
DA:16,8
FN:16,System.String AudioGeraImagemWorker.Infra.Vendor.Entities.OpenAI.Response.Error::get_type()
FNDA:8,System.String AudioGeraImagemWorker.Infra.Vendor.Entities.OpenAI.Response.Error::get_type()
DA:17,8
FN:17,System.Object AudioGeraImagemWorker.Infra.Vendor.Entities.OpenAI.Response.Error::get_param()
FNDA:8,System.Object AudioGeraImagemWorker.Infra.Vendor.Entities.OpenAI.Response.Error::get_param()
DA:18,8
FN:18,System.String AudioGeraImagemWorker.Infra.Vendor.Entities.OpenAI.Response.Error::get_code()
FNDA:8,System.String AudioGeraImagemWorker.Infra.Vendor.Entities.OpenAI.Response.Error::get_code()
DA:19,8
LF:5
LH:5
BRF:0
BRH:0
FNF:5
FNH:5
end_of_record
SF:E:\Projects\FIAP\TC4_CA_AudioGeraImagem_FIAP\AudioGeraImagemWorker\AudioGeraImagemWorker.Infra\Vendor\Entities\OpenAI\Response\GerarImagemResponse.cs
FN:10,System.Int32 AudioGeraImagemWorker.Infra.Vendor.Entities.OpenAI.Response.GerarImagemResponse::get_created()
FNDA:3,System.Int32 AudioGeraImagemWorker.Infra.Vendor.Entities.OpenAI.Response.GerarImagemResponse::get_created()
DA:11,3
FN:11,System.Collections.Generic.List`1<AudioGeraImagemWorker.Infra.Vendor.Entities.OpenAI.Response.Datum> AudioGeraImagemWorker.Infra.Vendor.Entities.OpenAI.Response.GerarImagemResponse::get_data()
FNDA:4,System.Collections.Generic.List`1<AudioGeraImagemWorker.Infra.Vendor.Entities.OpenAI.Response.Datum> AudioGeraImagemWorker.Infra.Vendor.Entities.OpenAI.Response.GerarImagemResponse::get_data()
DA:12,4
FN:16,System.String AudioGeraImagemWorker.Infra.Vendor.Entities.OpenAI.Response.Datum::get_url()
FNDA:4,System.String AudioGeraImagemWorker.Infra.Vendor.Entities.OpenAI.Response.Datum::get_url()
DA:17,4
LF:3
LH:3
BRF:0
BRH:0
FNF:3
FNH:3
end_of_record
SF:E:\Projects\FIAP\TC4_CA_AudioGeraImagem_FIAP\AudioGeraImagemWorker\AudioGeraImagemWorker.Infra\Vendor\Entities\OpenAI\Response\GerarTranscricaoResponse.cs
FN:10,System.String AudioGeraImagemWorker.Infra.Vendor.Entities.OpenAI.Response.GerarTranscricaoResponse::get_text()
FNDA:4,System.String AudioGeraImagemWorker.Infra.Vendor.Entities.OpenAI.Response.GerarTranscricaoResponse::get_text()
DA:11,4
LF:1
LH:1
BRF:0
BRH:0
FNF:1
FNH:1
end_of_record
SF:E:\Projects\FIAP\TC4_CA_AudioGeraImagem_FIAP\AudioGeraImagemWorker\AudioGeraImagemWorker.Infra\Repositories\CriacaoRepository.cs
FN:8,System.Void AudioGeraImagemWorker.Infra.Repositories.CriacaoRepository::.ctor(AudioGeraImagemWorker.Infra.ApplicationDbContext)
FNDA:6,System.Void AudioGeraImagemWorker.Infra.Repositories.CriacaoRepository::.ctor(AudioGeraImagemWorker.Infra.ApplicationDbContext)
DA:9,6
DA:10,6
DA:11,6
LF:3
LH:3
BRF:0
BRH:0
FNF:1
FNH:1
end_of_record
SF:E:\Projects\FIAP\TC4_CA_AudioGeraImagem_FIAP\AudioGeraImagemWorker\AudioGeraImagemWorker.Infra\Repositories\EntidadeBaseRepository.cs
FN:11,System.Void AudioGeraImagemWorker.Infra.Repositories.EntidadeBaseRepository`1::.ctor(AudioGeraImagemWorker.Infra.ApplicationDbContext)
FNDA:6,System.Void AudioGeraImagemWorker.Infra.Repositories.EntidadeBaseRepository`1::.ctor(AudioGeraImagemWorker.Infra.ApplicationDbContext)
DA:12,6
DA:13,6
DA:14,6
DA:15,6
DA:16,6
FN:18,System.Void AudioGeraImagemWorker.Infra.Repositories.EntidadeBaseRepository`1/<Atualizar>d__3::MoveNext()
FNDA:5,System.Void AudioGeraImagemWorker.Infra.Repositories.EntidadeBaseRepository`1/<Atualizar>d__3::MoveNext()
DA:19,5
DA:20,5
DA:21,5
DA:22,5
FN:24,System.Void AudioGeraImagemWorker.Infra.Repositories.EntidadeBaseRepository`1/<Excluir>d__4::MoveNext()
FNDA:1,System.Void AudioGeraImagemWorker.Infra.Repositories.EntidadeBaseRepository`1/<Excluir>d__4::MoveNext()
DA:25,1
DA:26,1
DA:27,1
DA:28,1
FN:30,System.Void AudioGeraImagemWorker.Infra.Repositories.EntidadeBaseRepository`1/<Inserir>d__5::MoveNext()
FNDA:3,System.Void AudioGeraImagemWorker.Infra.Repositories.EntidadeBaseRepository`1/<Inserir>d__5::MoveNext()
DA:31,3
DA:32,3
DA:33,3
DA:34,3
FN:36,System.Void AudioGeraImagemWorker.Infra.Repositories.EntidadeBaseRepository`1/<Obter>d__6::MoveNext()
FNDA:2,System.Void AudioGeraImagemWorker.Infra.Repositories.EntidadeBaseRepository`1/<Obter>d__6::MoveNext()
DA:37,2
DA:38,2
DA:39,2
FN:41,System.Void AudioGeraImagemWorker.Infra.Repositories.EntidadeBaseRepository`1/<ObterTodos>d__7::MoveNext()
FNDA:1,System.Void AudioGeraImagemWorker.Infra.Repositories.EntidadeBaseRepository`1/<ObterTodos>d__7::MoveNext()
DA:42,1
DA:43,1
DA:44,1
LF:23
LH:23
BRF:0
BRH:0
FNF:6
FNH:6
end_of_record
SF:E:\Projects\FIAP\TC4_CA_AudioGeraImagem_FIAP\AudioGeraImagemWorker\AudioGeraImagemWorker.UseCases\Criacoes\Processar\ProcessarCriacaoCommand.cs
FN:8,System.Guid AudioGeraImagemWorker.UseCases.Criacoes.Processar.ProcessarCriacaoCommand::get_CriacaoId()
FNDA:44,System.Guid AudioGeraImagemWorker.UseCases.Criacoes.Processar.ProcessarCriacaoCommand::get_CriacaoId()
DA:9,44
FN:10,AudioGeraImagemWorker.Domain.Enums.EstadoProcessamento AudioGeraImagemWorker.UseCases.Criacoes.Processar.ProcessarCriacaoCommand::get_UltimoEstado()
FNDA:16,AudioGeraImagemWorker.Domain.Enums.EstadoProcessamento AudioGeraImagemWorker.UseCases.Criacoes.Processar.ProcessarCriacaoCommand::get_UltimoEstado()
DA:11,16
FN:11,System.Byte[] AudioGeraImagemWorker.UseCases.Criacoes.Processar.ProcessarCriacaoCommand::get_Payload()
FNDA:25,System.Byte[] AudioGeraImagemWorker.UseCases.Criacoes.Processar.ProcessarCriacaoCommand::get_Payload()
DA:12,25
FN:12,System.Boolean AudioGeraImagemWorker.UseCases.Criacoes.Processar.ProcessarCriacaoCommand::get_Retentativa()
FNDA:17,System.Boolean AudioGeraImagemWorker.UseCases.Criacoes.Processar.ProcessarCriacaoCommand::get_Retentativa()
DA:13,17
FN:14,System.Void AudioGeraImagemWorker.UseCases.Criacoes.Processar.ProcessarCriacaoCommand::.ctor(System.Guid,System.Byte[])
FNDA:7,System.Void AudioGeraImagemWorker.UseCases.Criacoes.Processar.ProcessarCriacaoCommand::.ctor(System.Guid,System.Byte[])
DA:15,7
DA:16,7
DA:17,7
DA:18,7
DA:19,7
FN:20,System.Void AudioGeraImagemWorker.UseCases.Criacoes.Processar.ProcessarCriacaoCommand::.ctor(System.Guid,AudioGeraImagemWorker.Domain.Enums.EstadoProcessamento,System.Byte[])
FNDA:1,System.Void AudioGeraImagemWorker.UseCases.Criacoes.Processar.ProcessarCriacaoCommand::.ctor(System.Guid,AudioGeraImagemWorker.Domain.Enums.EstadoProcessamento,System.Byte[])
DA:21,1
DA:22,1
DA:23,1
DA:24,1
DA:25,1
DA:26,1
DA:27,1
LF:16
LH:16
BRF:0
BRH:0
FNF:6
FNH:6
end_of_record
SF:E:\Projects\FIAP\TC4_CA_AudioGeraImagem_FIAP\AudioGeraImagemWorker\AudioGeraImagemWorker.UseCases\Criacoes\Processar\ProcessarCriacaoCommandHandler.cs
FN:15,System.Void AudioGeraImagemWorker.UseCases.Criacoes.Processar.ProcessarCriacaoCommandHandler::.ctor(Microsoft.Extensions.Logging.ILogger`1<AudioGeraImagemWorker.UseCases.Criacoes.Processar.ProcessarCriacaoCommandHandler>,AudioGeraImagemWorker.Domain.Interfaces.Repositories.ICriacaoRepository,AudioGeraImagemWorker.Domain.Interfaces.Services.IProcessamentoHandler,MassTransit.IMessageScheduler)
FNDA:6,System.Void AudioGeraImagemWorker.UseCases.Criacoes.Processar.ProcessarCriacaoCommandHandler::.ctor(Microsoft.Extensions.Logging.ILogger`1<AudioGeraImagemWorker.UseCases.Criacoes.Processar.ProcessarCriacaoCommandHandler>,AudioGeraImagemWorker.Domain.Interfaces.Repositories.ICriacaoRepository,AudioGeraImagemWorker.Domain.Interfaces.Services.IProcessamentoHandler,MassTransit.IMessageScheduler)
DA:16,6
DA:22,6
DA:23,6
DA:24,6
DA:25,6
DA:26,6
DA:27,6
DA:28,6
DA:29,6
DA:30,6
DA:31,6
DA:32,6
FN:72,System.Boolean AudioGeraImagemWorker.UseCases.Criacoes.Processar.ProcessarCriacaoCommandHandler/<>c__DisplayClass8_0::<TratarErro>b__0(AudioGeraImagemWorker.Domain.Entities.ProcessamentoCriacao)
FNDA:12,System.Boolean AudioGeraImagemWorker.UseCases.Criacoes.Processar.ProcessarCriacaoCommandHandler/<>c__DisplayClass8_0::<TratarErro>b__0(AudioGeraImagemWorker.Domain.Entities.ProcessamentoCriacao)
DA:73,12
FN:84,System.Void AudioGeraImagemWorker.UseCases.Criacoes.Processar.ProcessarCriacaoCommandHandler/<AtualizarCriacao>d__9::MoveNext()
FNDA:6,System.Void AudioGeraImagemWorker.UseCases.Criacoes.Processar.ProcessarCriacaoCommandHandler/<AtualizarCriacao>d__9::MoveNext()
DA:85,6
DA:86,6
DA:87,6
DA:88,6
DA:90,6
DA:91,6
FN:54,System.Void AudioGeraImagemWorker.UseCases.Criacoes.Processar.ProcessarCriacaoCommandHandler/<ExecutarCriacao>d__7::MoveNext()
FNDA:5,System.Void AudioGeraImagemWorker.UseCases.Criacoes.Processar.ProcessarCriacaoCommandHandler/<ExecutarCriacao>d__7::MoveNext()
DA:55,5
DA:57,5
DA:58,5
DA:59,5
DA:60,2
DA:61,3
DA:62,3
DA:63,3
DA:64,3
DA:65,3
DA:67,3
DA:68,3
DA:69,5
FN:34,System.Void AudioGeraImagemWorker.UseCases.Criacoes.Processar.ProcessarCriacaoCommandHandler/<Handle>d__6::MoveNext()
FNDA:6,System.Void AudioGeraImagemWorker.UseCases.Criacoes.Processar.ProcessarCriacaoCommandHandler/<Handle>d__6::MoveNext()
DA:35,6
DA:36,6
DA:38,6
DA:39,1
DA:40,1
DA:41,1
DA:43,5
DA:44,5
DA:45,2
DA:47,5
DA:48,3
DA:50,5
DA:51,5
DA:52,6
BRDA:38,201,0,1
BRDA:38,201,1,5
BRDA:44,344,0,0
BRDA:44,344,1,5
BRDA:44,378,0,5
BRDA:44,378,1,0
BRDA:44,397,0,2
BRDA:44,397,1,5
BRDA:47,525,0,3
BRDA:47,525,1,5
FN:71,System.Void AudioGeraImagemWorker.UseCases.Criacoes.Processar.ProcessarCriacaoCommandHandler/<TratarErro>d__8::MoveNext()
FNDA:3,System.Void AudioGeraImagemWorker.UseCases.Criacoes.Processar.ProcessarCriacaoCommandHandler/<TratarErro>d__8::MoveNext()
DA:72,3
DA:75,3
DA:76,1
DA:78,2
DA:79,2
DA:80,2
DA:81,2
DA:82,3
BRDA:75,112,0,1
BRDA:75,112,1,2
LF:54
LH:54
BRF:12
BRH:10
FNF:6
FNH:6
end_of_record
SF:E:\Projects\FIAP\TC4_CA_AudioGeraImagem_FIAP\AudioGeraImagemWorker\AudioGeraImagemWorker.Worker\Events\NovaCriacaoConsumer.cs
FN:11,System.Void AudioGeraImagemWorker.Worker.Events.NovaCriacaoConsumer::.ctor(MediatR.IMediator)
FNDA:1,System.Void AudioGeraImagemWorker.Worker.Events.NovaCriacaoConsumer::.ctor(MediatR.IMediator)
DA:12,1
DA:13,1
DA:14,1
DA:15,1
FN:17,System.Void AudioGeraImagemWorker.Worker.Events.NovaCriacaoConsumer/<Consume>d__2::MoveNext()
FNDA:1,System.Void AudioGeraImagemWorker.Worker.Events.NovaCriacaoConsumer/<Consume>d__2::MoveNext()
DA:18,1
DA:19,1
DA:20,1
DA:21,1
LF:8
LH:8
BRF:0
BRH:0
FNF:2
FNH:2
end_of_record
SF:E:\Projects\FIAP\TC4_CA_AudioGeraImagem_FIAP\AudioGeraImagemWorker\AudioGeraImagemWorker.Worker\Events\RetentativaCriacaoConsumer.cs
FN:11,System.Void AudioGeraImagemWorker.Worker.Events.RetentativaCriacaoConsumer::.ctor(MediatR.IMediator)
FNDA:1,System.Void AudioGeraImagemWorker.Worker.Events.RetentativaCriacaoConsumer::.ctor(MediatR.IMediator)
DA:12,1
DA:13,1
DA:14,1
DA:15,1
FN:17,System.Void AudioGeraImagemWorker.Worker.Events.RetentativaCriacaoConsumer/<Consume>d__2::MoveNext()
FNDA:1,System.Void AudioGeraImagemWorker.Worker.Events.RetentativaCriacaoConsumer/<Consume>d__2::MoveNext()
DA:18,1
DA:19,1
DA:20,1
DA:21,1
LF:8
LH:8
BRF:0
BRH:0
FNF:2
FNH:2
end_of_record